<?xml version="1.0" encoding="UTF-8"?>
<!-- Generated by org.testng.reporters.JUnitReportReporter -->
<testsuite hostname="DESKTOP-EH4NUPN" failures="0" tests="1" name="com.nicholas.manager.GenericTestManager" time="8.814" errors="0" timestamp="2022-11-19T11:36:27 SGT" skipped="0">
  <testcase classname="com.nicholas.manager.GenericTestManager" name="testLogin" time="8.814"/>
  <system-out/>
</testsuite> <!-- com.nicholas.manager.GenericTestManager -->
