<?xml version="1.0" encoding="UTF-8"?>
<!-- Generated by org.testng.reporters.JUnitReportReporter -->
<testsuite hostname="DESKTOP-EH4NUPN" failures="0" tests="1" name="com.nicholas.manager.GenericTestManager" time="7.165" errors="0" timestamp="2022-10-21T17:46:43 SGT" skipped="0">
  <testcase classname="com.nicholas.manager.GenericTestManager" name="testLogin" time="7.165"/>
  <system-out/>
</testsuite> <!-- com.nicholas.manager.GenericTestManager -->
