<?xml version="1.0" encoding="UTF-8"?>
<!-- Generated by org.testng.reporters.JUnitReportReporter -->
<testsuite hostname="DESKTOP-EH4NUPN" failures="0" tests="1" name="com.nicholas.manager.ChromeTestManager" time="7.060" errors="0" timestamp="2022-10-01T15:47:46 SGT" skipped="0">
  <testcase classname="com.nicholas.manager.ChromeTestManager" name="testLogin" time="7.060"/>
  <system-out/>
</testsuite> <!-- com.nicholas.manager.ChromeTestManager -->
